{"name": "test_login[500]", "status": "failed", "statusDetails": {"message": "AssertionError: assert 500 == 200", "trace": "self = <allure_demo.test_demo1.TestAllure object at 0x000002EA1E45C3D0>, code = 500\n\n    @pytest.mark.parametrize(\"code\",[200,400,500])\n    def test_login(self,code):\n>       assert code==200\nE       assert 500 == 200\n\ntest_demo1.py:10: AssertionError"}, "parameters": [{"name": "code", "value": "500"}], "start": 1630943668731, "stop": 1630943668731, "uuid": "ce84c285-ab0b-438b-a36b-a26e72b985b0", "historyId": "dc1e38ec60080b091e94cf1dbb325b5d", "testCaseId": "fe9589ed2d621c1129ce8c704d8b18a1", "fullName": "test_demo1.TestAllure#test_login", "labels": [{"name": "feature", "value": "测试allure"}, {"name": "suite", "value": "test_demo1"}, {"name": "subSuite", "value": "TestAllure"}, {"name": "host", "value": "LAPTOP-78HURLI7"}, {"name": "thread", "value": "27084-MainThread"}, {"name": "framework", "value": "pytest"}, {"name": "language", "value": "cpython3"}, {"name": "package", "value": "test_demo1"}]}