{"name": "test_login[500]", "status": "failed", "statusDetails": {"message": "AssertionError: assert 500 == 200", "trace": "self = <allure_demo.test_demo1.TestAllure object at 0x00000299C1A1DBB0>, code = 500\n\n    @allure.story(\"测试用例\")\n    @pytest.mark.parametrize(\"code\",[200,400,500])\n    def test_login(self,code):\n>       assert code==200\nE       assert 500 == 200\n\ntest_demo1.py:11: AssertionError"}, "parameters": [{"name": "code", "value": "500"}], "start": 1630943471160, "stop": 1630943471160, "uuid": "9ed7fe38-7d40-4c76-b926-8044a13bd7a6", "historyId": "dc1e38ec60080b091e94cf1dbb325b5d", "testCaseId": "fe9589ed2d621c1129ce8c704d8b18a1", "fullName": "test_demo1.TestAllure#test_login", "labels": [{"name": "story", "value": "测试用例"}, {"name": "feature", "value": "测试allure"}, {"name": "suite", "value": "test_demo1"}, {"name": "subSuite", "value": "TestAllure"}, {"name": "host", "value": "LAPTOP-78HURLI7"}, {"name": "thread", "value": "48272-MainThread"}, {"name": "framework", "value": "pytest"}, {"name": "language", "value": "cpython3"}, {"name": "package", "value": "test_demo1"}]}