{"name": "test_login[400]", "status": "failed", "statusDetails": {"message": "AssertionError: assert 400 == 200", "trace": "self = <allure_demo.test_demo1.TestAllure object at 0x000002EA1E4536A0>, code = 400\n\n    @pytest.mark.parametrize(\"code\",[200,400,500])\n    def test_login(self,code):\n>       assert code==200\nE       assert 400 == 200\n\ntest_demo1.py:10: AssertionError"}, "parameters": [{"name": "code", "value": "400"}], "start": 1630943668584, "stop": 1630943668584, "uuid": "95d2b7ed-715c-4002-b6ce-0ea1dbd2c728", "historyId": "8b61d37bb7f2296fc13bb53c23d9cf23", "testCaseId": "fe9589ed2d621c1129ce8c704d8b18a1", "fullName": "test_demo1.TestAllure#test_login", "labels": [{"name": "feature", "value": "测试allure"}, {"name": "suite", "value": "test_demo1"}, {"name": "subSuite", "value": "TestAllure"}, {"name": "host", "value": "LAPTOP-78HURLI7"}, {"name": "thread", "value": "27084-MainThread"}, {"name": "framework", "value": "pytest"}, {"name": "language", "value": "cpython3"}, {"name": "package", "value": "test_demo1"}]}